<?xml version="1.0" encoding="UTF-8"?>
<!-- Generated by org.testng.reporters.JUnitReportReporter -->
<testsuite hostname="DESKTOP-K0JBG1B" failures="0" tests="1" name="TestNGProject.TestNGWork" time="12.778" errors="0" timestamp="2022-05-07T00:30:06 IST" skipped="0">
  <testcase classname="TestNGProject.TestNGWork" name="verifyregistrationTest" time="12.778"/>
  <system-out/>
</testsuite> <!-- TestNGProject.TestNGWork -->
