<?xml version="1.0" encoding="UTF-8"?>
<!-- Generated by org.testng.reporters.JUnitReportReporter -->
<testsuite hostname="DESKTOP-K0JBG1B" failures="0" tests="1" name="TestNGProject.TestNGLogin" time="5.634" errors="0" timestamp="2022-05-07T11:43:12 IST" skipped="0">
  <testcase classname="TestNGProject.TestNGLogin" name="verifyloginmail" time="5.634"/>
  <system-out/>
</testsuite> <!-- TestNGProject.TestNGLogin -->
