<?xml version="1.0" encoding="UTF-8"?>
<!-- Generated by org.testng.reporters.JUnitReportReporter -->
<testsuite hostname="DESKTOP-K0JBG1B" failures="0" tests="1" name="TestNGProject.TestNGWork" time="8.672" errors="0" timestamp="2022-05-07T11:43:12 IST" skipped="0">
  <testcase classname="TestNGProject.TestNGWork" name="verifyregistrationTest" time="8.672"/>
  <system-out/>
</testsuite> <!-- TestNGProject.TestNGWork -->
